time="2026-02-06T13:18:36+01:00" level=warning msg="/home/malupo/Github/Test2/bondvision-mockup/docker-compose.yml: the attribute `version` is obsolete, it will be ignored, please remove it to avoid potential confusion"
 Image bondvision-mockup-bondvision-dev Building 
#1 [internal] load local bake definitions
#1 reading from stdin 618B done
#1 DONE 0.0s

#2 [internal] load build definition from Dockerfile.dev
#2 transferring dockerfile: 289B done
#2 DONE 0.0s

#3 [internal] load metadata for docker.io/library/node:18-alpine
#3 ...

#4 [auth] library/node:pull token for registry-1.docker.io
#4 DONE 0.0s

#3 [internal] load metadata for docker.io/library/node:18-alpine
#3 DONE 1.3s

#5 [internal] load .dockerignore
#5 transferring context: 73B 0.0s done
#5 DONE 0.0s

#6 [internal] load build context
#6 transferring context: 1.70kB done
#6 DONE 0.0s

#7 [1/5] FROM docker.io/library/node:18-alpine@sha256:8d6421d663b4c28fd3ebc498332f249011d118945588d0a35cb9bc4b8ca09d9e
#7 resolve docker.io/library/node:18-alpine@sha256:8d6421d663b4c28fd3ebc498332f249011d118945588d0a35cb9bc4b8ca09d9e 0.1s done
#7 DONE 0.1s

#8 [2/5] WORKDIR /app
#8 CACHED

#9 [3/5] COPY package*.json ./
#9 DONE 0.0s

#10 [4/5] RUN npm install --prefer-offline --no-audit
#10 424.1 npm error code UNABLE_TO_GET_ISSUER_CERT_LOCALLY
#10 424.1 npm error errno UNABLE_TO_GET_ISSUER_CERT_LOCALLY
#10 424.1 npm error request to https://registry.npmjs.org/@vitejs%2fplugin-react failed, reason: unable to get local issuer certificate
#10 424.1 npm error A complete log of this run can be found in: /root/.npm/_logs/2026-02-06T12_18_39_269Z-debug-0.log
#10 ERROR: process "/bin/sh -c npm install --prefer-offline --no-audit" did not complete successfully: exit code: 1
------
 > [4/5] RUN npm install --prefer-offline --no-audit:
424.1 npm error code UNABLE_TO_GET_ISSUER_CERT_LOCALLY
424.1 npm error errno UNABLE_TO_GET_ISSUER_CERT_LOCALLY
424.1 npm error request to https://registry.npmjs.org/@vitejs%2fplugin-react failed, reason: unable to get local issuer certificate
424.1 npm error A complete log of this run can be found in: /root/.npm/_logs/2026-02-06T12_18_39_269Z-debug-0.log
------
Dockerfile.dev:10

--------------------

   8 |     

   9 |     # Install dependencies

  10 | >>> RUN npm install --prefer-offline --no-audit

  11 |     

  12 |     # Copy application files

--------------------

failed to solve: process "/bin/sh -c npm install --prefer-offline --no-audit" did not complete successfully: exit code: 1

