time="2026-02-06T13:12:08+01:00" level=warning msg="/home/malupo/Github/Test2/bondvision-mockup/docker-compose.yml: the attribute `version` is obsolete, it will be ignored, please remove it to avoid potential confusion"
 Image bondvision-mockup-bondvision-dev Building 
#1 [internal] load local bake definitions
#1 reading from stdin 594B done
#1 DONE 0.0s

#2 [internal] load build definition from Dockerfile.dev
#2 transferring dockerfile: 308B done
#2 DONE 0.0s

#3 [internal] load metadata for docker.io/library/node:18-alpine
#3 ...

#4 [auth] library/node:pull token for registry-1.docker.io
#4 DONE 0.0s

#3 [internal] load metadata for docker.io/library/node:18-alpine
#3 DONE 1.2s

#5 [internal] load .dockerignore
#5 transferring context: 73B 0.0s done
#5 DONE 0.0s

#6 [internal] load build context
#6 transferring context: 20.59kB 0.0s done
#6 DONE 0.0s

#7 [1/5] FROM docker.io/library/node:18-alpine@sha256:8d6421d663b4c28fd3ebc498332f249011d118945588d0a35cb9bc4b8ca09d9e
#7 resolve docker.io/library/node:18-alpine@sha256:8d6421d663b4c28fd3ebc498332f249011d118945588d0a35cb9bc4b8ca09d9e 0.0s done
#7 DONE 0.0s

#8 [2/5] WORKDIR /app
#8 CACHED

#9 [3/5] COPY package*.json ./
#9 DONE 0.0s

#10 [4/5] RUN npm ci --prefer-offline --no-audit
#10 3.013 npm error code EUSAGE
#10 3.013 npm error
#10 3.013 npm error The `npm ci` command can only install with an existing package-lock.json or
#10 3.013 npm error npm-shrinkwrap.json with lockfileVersion >= 1. Run an install with npm@5 or
#10 3.013 npm error later to generate a package-lock.json file, then try again.
#10 3.013 npm error
#10 3.013 npm error Clean install a project
#10 3.013 npm error
#10 3.013 npm error Usage:
#10 3.013 npm error npm ci
#10 3.013 npm error
#10 3.013 npm error Options:
#10 3.013 npm error [--install-strategy <hoisted|nested|shallow|linked>] [--legacy-bundling]
#10 3.013 npm error [--global-style] [--omit <dev|optional|peer> [--omit <dev|optional|peer> ...]]
#10 3.013 npm error [--include <prod|dev|optional|peer> [--include <prod|dev|optional|peer> ...]]
#10 3.013 npm error [--strict-peer-deps] [--foreground-scripts] [--ignore-scripts] [--no-audit]
#10 3.013 npm error [--no-bin-links] [--no-fund] [--dry-run]
#10 3.013 npm error [-w|--workspace <workspace-name> [-w|--workspace <workspace-name> ...]]
#10 3.013 npm error [-ws|--workspaces] [--include-workspace-root] [--install-links]
#10 3.013 npm error
#10 3.013 npm error aliases: clean-install, ic, install-clean, isntall-clean
#10 3.013 npm error
#10 3.013 npm error Run "npm help ci" for more info
#10 3.018 npm error A complete log of this run can be found in: /root/.npm/_logs/2026-02-06T12_12_12_075Z-debug-0.log
#10 ERROR: process "/bin/sh -c npm ci --prefer-offline --no-audit" did not complete successfully: exit code: 1
------
 > [4/5] RUN npm ci --prefer-offline --no-audit:
3.013 npm error [--include <prod|dev|optional|peer> [--include <prod|dev|optional|peer> ...]]
3.013 npm error [--strict-peer-deps] [--foreground-scripts] [--ignore-scripts] [--no-audit]
3.013 npm error [--no-bin-links] [--no-fund] [--dry-run]
3.013 npm error [-w|--workspace <workspace-name> [-w|--workspace <workspace-name> ...]]
3.013 npm error [-ws|--workspaces] [--include-workspace-root] [--install-links]
3.013 npm error
3.013 npm error aliases: clean-install, ic, install-clean, isntall-clean
3.013 npm error
3.013 npm error Run "npm help ci" for more info
3.018 npm error A complete log of this run can be found in: /root/.npm/_logs/2026-02-06T12_12_12_075Z-debug-0.log
------
Dockerfile.dev:10

--------------------

   8 |     

   9 |     # Install dependencies with cache optimization

  10 | >>> RUN npm ci --prefer-offline --no-audit

  11 |     

  12 |     # Copy application files

--------------------

failed to solve: process "/bin/sh -c npm ci --prefer-offline --no-audit" did not complete successfully: exit code: 1

