time="2026-02-06T14:26:01+01:00" level=warning msg="/home/malupo/Github/Test2/bondvision-mockup/docker-compose.yml: the attribute `version` is obsolete, it will be ignored, please remove it to avoid potential confusion"
 Image bondvision-mockup-bondvision-dev Building 
#1 [internal] load local bake definitions
#1 reading from stdin 618B done
#1 DONE 0.0s

#2 [internal] load build definition from Dockerfile.dev
#2 transferring dockerfile: 34B 0.0s
#2 transferring dockerfile: 357B 0.1s done
#2 DONE 0.1s

#3 [internal] load metadata for docker.io/library/node:18-alpine
#3 ...

#4 [auth] library/node:pull token for registry-1.docker.io
#4 DONE 0.0s

#3 [internal] load metadata for docker.io/library/node:18-alpine
#3 DONE 3.2s

#5 [internal] load .dockerignore
#5 transferring context: 73B 0.0s done
#5 DONE 0.0s

#6 [internal] load build context
#6 transferring context: 4.74kB 0.0s done
#6 DONE 0.1s

#7 [1/5] FROM docker.io/library/node:18-alpine@sha256:8d6421d663b4c28fd3ebc498332f249011d118945588d0a35cb9bc4b8ca09d9e
#7 resolve docker.io/library/node:18-alpine@sha256:8d6421d663b4c28fd3ebc498332f249011d118945588d0a35cb9bc4b8ca09d9e 0.1s done
#7 DONE 0.1s

#8 [2/5] WORKDIR /app
#8 CACHED

#9 [3/5] COPY package*.json ./
#9 DONE 0.1s

#10 [4/5] RUN npm config set strict-ssl false &&     npm install --no-audit
#10 43.84 
#10 43.84 added 67 packages in 37s
#10 43.84 
#10 43.84 7 packages are looking for funding
#10 43.84   run `npm fund` for details
#10 DONE 44.3s

#11 [5/5] COPY . .
#11 DONE 0.3s

#12 exporting to image
#12 exporting layers
#12 exporting layers 9.5s done
#12 exporting manifest sha256:b83a5e0bc505682f6ddd47673a848e00a3760a785e8843746718ca6927861c26 0.0s done
#12 exporting config sha256:bd2e9750a6a76cf6acb6f3f08556eb878dfdeb64f0a3a2a01529f5f8c04b063b 0.0s done
#12 exporting attestation manifest sha256:af061e0c074eabf06459020590fd1fa7ca261d5c8785164c26dee55ed483b213
#12 exporting attestation manifest sha256:af061e0c074eabf06459020590fd1fa7ca261d5c8785164c26dee55ed483b213 0.1s done
#12 exporting manifest list sha256:70012ee9d912a4ab0b417a67179bf7f5abbfa4f1d591e6bd0a03449c626194c4 0.0s done
#12 naming to docker.io/library/bondvision-mockup-bondvision-dev:latest
#12 naming to docker.io/library/bondvision-mockup-bondvision-dev:latest 0.0s done
#12 unpacking to docker.io/library/bondvision-mockup-bondvision-dev:latest
#12 unpacking to docker.io/library/bondvision-mockup-bondvision-dev:latest 5.4s done
#12 DONE 15.2s

#13 resolving provenance for metadata file
#13 DONE 0.0s
 Image bondvision-mockup-bondvision-dev Built 
